16 cores
==============
input 500000000 type 2
t1:88.665686
t1:88.676567
t1:88.970572
t1:89.000681
t1:89.281517
t1:89.316571
t1:89.598311
t1:89.627248
t1:89.907039
t1:89.940908
t1:90.222944
t1:90.269394
t1:90.532047
t1:90.575664
t1:8.618683
t1:90.706546
step1 t2:2.041227
step1 t2:2.030342
step1 t2:1.736396
step1 t2:1.706222
step1 t2:1.425259
step1 t2:1.390252
step1 t2:1.108503
step1 t2:1.079659
step1 t2:0.799830
step1 t2:0.765915
step1 t2:0.484029
step1 t2:0.437480
step1 t2:0.174816
step1 t2:0.011417
step1 t2:0.000281
step1 t2:0.131109
step1 t3:1.999706
step1 t3:2.132450
step1 t3:2.171416
step1 t3:2.172276
step1 t3:2.046079
step1 t3:2.058031
step1 t3:2.184200
step1 t3:2.053287
step1 t3:2.066276
step1 t3:2.198079
step1 t3:2.067821
step1 t3:2.200577
step1 t3:2.200587
step1 t3:2.081588
step1 t3:2.207570
step1 t3:2.083674
step2 t2:0.001448
step2 t2:0.036310
step2 t2:0.015914
step2 t2:0.075284
step2 t2:0.086006
step2 t2:0.007217
step2 t2:0.023366
step2 t2:0.035508
step2 t2:0.007157
step2 t2:0.023540
step2 t2:0.000221
step2 t2:0.031968
step2 t2:0.000023
step2 t2:0.009714
step2 t2:0.008719
step2 t2:0.024351
step2 t3:2.144461
step2 t3:2.146450
step2 t3:2.150288
step2 t3:2.150543
step2 t3:2.027061
step2 t3:2.025523
step2 t3:2.153149
step2 t3:2.041262
step2 t3:2.043014
step2 t3:2.043569
step2 t3:2.173073
step2 t3:2.050759
step2 t3:2.059534
step2 t3:2.184329
step2 t3:2.065132
step4 t2:0.041269
step4 t2:0.018751
step4 t2:0.038649
step4 t2:0.045358
step4 t2:0.007721
step4 t2:0.020799
step4 t2:0.041510
step4 t2:0.014214
step4 t2:0.039454
step4 t2:0.047344
step2 t3:2.191804
step4 t2:0.000020
step4 t2:0.018755
step4 t2:0.007490
step4 t2:0.039476
step4 t2:0.021392
step4 t2:0.001249
step4 t3:2.158003
step4 t3:2.035042
step4 t3:2.038255
step4 t3:2.165212
step4 t3:2.040900
step4 t3:2.041864
step4 t3:2.168914
step4 t3:2.174279
step4 t3:2.180330
step4 t3:2.181273
step4 t3:2.183829
step4 t3:2.055207
step4 t3:2.059530
step4 t3:2.186150
step4 t3:2.060898
step8 t2:0.017233
step4 t3:2.070829
step8 t2:0.000019
step8 t2:0.014913
step8 t2:0.032152
step8 t2:0.036640
step8 t2:0.035855
step8 t2:0.019797
step8 t2:0.026765
step8 t2:0.020731
step8 t2:0.032711
step8 t2:0.034523
step8 t2:0.043054
step8 t2:0.015550
step8 t2:0.040507
step8 t2:0.015522
step8 t2:0.014830
step8 t3:2.018304
step8 t3:2.147725
step8 t3:2.147926
step8 t3:2.025414
step8 t3:2.027260
step8 t3:2.030825
step8 t3:2.062593
step8 t3:2.068486
step8 t3:2.072361
step8 t3:2.072031
step8 t3:2.206584
step8 t3:2.206724
step8 t3:2.207219
step8 t3:2.214206
step8 t3:2.214443
step8 t3:2.228053
t4:1.291196
10.131455
