new
==============
1 core backwards 125000000 type 3
7.308063
==============
16 cores backwards 2000000000 type 1
269.599033
==============
16 cores backwards 2000000000 type 2
208.685872
==============
16 cores backwards 2000000000 type 3
218.005495
==============
==============
1 core input 125000000 type 1
21.454803
==============
2 cores input 125000000 type 1
17.428052
==============
2 cores input 125000000 type 2
17.474867
==============
2 cores input 125000000 type 3
17.675442
==============
4 cores input 125000000 type 1
11.026230
==============
4 cores input 125000000 type 2
15.465406
==============
4 cores input 125000000 type 3
15.483258
==============
8 cores input 125000000 type 1
9.683487
==============
8 cores input 125000000 type 2
13.633531
==============
8 cores input 125000000 type 3
16.086454
==============
16 cores input 125000000 type 1
17.158281
==============
16 cores input 125000000 type 2
17.909967
==============
16 cores input 125000000 type 3
17.744272
