16 cores
==============
input 125000000 type 1
#1 1073405739
#2 1073532437
#3 1073480246
#4 1074443557
#5 1073672724
#6 1074209087
#7 1073727553
#8 1074161613
#9 1073846226
#10 1073699794
#11 1073032239
#12 1073938039
#13 1074178867
#14 1073906362
#15 1073698806
#0 1073949498
#0	pivot:1073949498
#15	pivot:1073949498
#1	pivot:1073949498
#2	pivot:1073949498
#3	pivot:1073949498
#4	pivot:1073949498
#5	pivot:1073949498
#6	pivot:1073949498
#7	pivot:1073949498
#8	pivot:1073949498
#9	pivot:1073949498
#10	pivot:1073949498
#11	pivot:1073949498
#12	pivot:1073949498
#13	pivot:1073949498
#14	pivot:1073949498
#4	step1	size:7810734	t:0.423993
#4 537010761
#15	step1	size:7810824	t:0.423928
#15 1610674191
#6	step1	size:7811687	t:0.424960
#6 536944955
#11	step1	size:7807350	t:0.425851
#11 1610834459
#14	step1	size:7813313	t:0.428520
#14 1610720782
#12	step1	size:7814266	t:0.428270
#12 1610552063
#7	step1	size:7814176	t:0.428058
#7 537314070
#3	step1	size:7817650	t:0.429371
#3 536781364
#0	step1	size:7811683	t:0.435733
#0 536982003
#10	step1	size:7809982	t:0.436024
#10 1610910466
#5	step1	size:7812620	t:0.437073
#5 537196645
#8	step1	size:7813317	t:0.439203
#8 1610841637
#9	step1	size:7810072	t:0.438516
#9 1610757807
#2	step1	size:7815018	t:0.439587
#2 537321375
#13	step1	size:7812380	t:0.439112
#13 1610543827
#4	pivot:536982003
#1	step1	size:7814928	t:0.442129
#1 537083938
#1	pivot:536982003
#9	pivot:1610841637
#7	pivot:536982003
#11	pivot:1610841637
#10	pivot:1610841637
#15	pivot:1610841637
#12	pivot:1610841637
#5	pivot:536982003
#8	pivot:1610841637
#0	pivot:536982003
#6	pivot:536982003
#14	pivot:1610841637
#2	pivot:536982003
#13	pivot:1610841637
#3	pivot:536982003
#12	step2	size:7811670	t:0.421653
#12 1879153162
#8	step2	size:7815913	t:0.424817
#8 1342415971
#3	step2	size:7814916	t:0.434208
#3 268335654
#2	step2	size:7811098	t:0.422463
#2 268560312
#7	step2	size:7816910	t:0.437240
#7 805601587
#10	step2	size:7812020	t:0.422546
#10 1342305038
#6	step2	size:7815607	t:0.425727
#6 805481035
#5	step2	size:7816040	t:0.425336
#5 805409674
#4	step2	size:7811407	t:0.421622
#4 805451301
#13	step2	size:7808415	t:0.423602
#13 1879176463
#11	step2	size:7810329	t:0.423433
#11 1342302667
#14	step2	size:7811275	t:0.433768
#14 1879201587
#9	step2	size:7814037	t:0.426733
#9 1342365938
#1	step2	size:7811508	t:0.435087
#1 268458087
#0	step2	size:7811010	t:0.433281
#0 268465775
#15	step2	size:7807845	t:0.433436
#15 1879079750
#15	pivot:1879153162
#0	pivot:268465775
#4	pivot:805451301
#3	pivot:268465775
#5	pivot:805451301
#9	pivot:1342415971
#14	pivot:1879153162
#2	pivot:268465775
#13	pivot:1879153162
#7	pivot:805451301
#8	pivot:1342415971
#6	pivot:805451301
#12	pivot:1879153162
#1	pivot:268465775
#10	pivot:1342415971
#11	pivot:1342415971
#5	step4	size:7814915	t:0.434133
#5 671148216
#11	step4	size:7809830	t:0.421940
#11 1476645224
#7	step4	size:7818035	t:0.438032
#7 939648266
#4	step4	size:7813076	t:0.423233
#4 671259078
#10	step4	size:7812329	t:0.423061
#10 1476618962
#15	step4	size:7807334	t:0.423451
#15 2013251964
#3	step4	size:7811171	t:0.423881
#3 402628041
#13	step4	size:7808926	t:0.424429
#13 1745011504
#1	step4	size:7815253	t:0.428181
#1 134332451
#6	step4	size:7813938	t:0.435450
#6 939733450
#8	step4	size:7815604	t:0.435534
#8 1208127004
#9	step4	size:7814536	t:0.437654
#9 1208231463
#2	step4	size:7812447	t:0.437135
#2 402705974
#14	step4	size:7812176	t:0.437673
#14 2013293916
#12	step4	size:7810769	t:0.437818
#12 1745025337
#0	step4	size:7809661	t:0.437235
#0 134227052
#12	pivot:1745025337
#7	pivot:939733450
#15	pivot:2013293916
#5	pivot:671259078
#8	pivot:1208127004
#2	pivot:402705974
#9	pivot:1208127004
#3	pivot:402705974
#10	pivot:1476618962
#11	pivot:1476618962
#6	pivot:939733450
#1	pivot:134227052
#14	pivot:2013293916
#13	pivot:1745025337
#4	pivot:671259078
#0	pivot:134227052
#7	step8	size:7813534	t:0.422704
#6	step8	size:7818439	t:0.425235
#2	step8	size:7814104	t:0.422112
#11	step8	size:7811857	t:0.426222
#3	step8	size:7809514	t:0.426659
#5	step8	size:7810806	t:0.426635
#15	step8	size:7808507	t:0.426311
#13	step8	size:7809433	t:0.427177
#0	step8	size:7809369	t:0.434771
#4	step8	size:7817185	t:0.426816
#8	step8	size:7811987	t:0.434781
#1	step8	size:7815545	t:0.437512
#10	step8	size:7810302	t:0.434163
#9	step8	size:7818153	t:0.440475
#14	step8	size:7811003	t:0.434606
#12	step8	size:7810262	t:0.435108
==============
input 125000000 type 2
#1 1073405739
#2 1073532437
#3 1073480246
#4 1074443557
#5 1073672724
#6 1074209087
#7 1073727553
#8 1074161613
#9 1073846226
#10 1073699794
#11 1073032239
#12 1073938039
#13 1074178867
#14 1073906362
#15 1073698806
#0 1073949498
#0	pivot:1074161613
#15	pivot:1074161613
#1	pivot:1074161613
#2	pivot:1074161613
#3	pivot:1074161613
#4	pivot:1074161613
#5	pivot:1074161613
#6	pivot:1074161613
#7	pivot:1074161613
#8	pivot:1074161613
#9	pivot:1074161613
#10	pivot:1074161613
#11	pivot:1074161613
#12	pivot:1074161613
#13	pivot:1074161613
#14	pivot:1074161613
#4	step1	size:7812316	t:0.422975
#4 537126456
#12	step1	size:7812684	t:0.423523
#12 1610657737
#14	step1	size:7811754	t:0.424684
#14 1610830418
#11	step1	size:7805827	t:0.426448
#11 1610944848
#6	step1	size:7813246	t:0.427777
#6 537057590
#15	step1	size:7809230	t:0.428155
#15 1610783625
#7	step1	size:7815770	t:0.430293
#7 537431750
#3	step1	size:7819173	t:0.430429
#3 536886477
#8	step1	size:7811741	t:0.435839
#8 1610952433
#10	step1	size:7808441	t:0.435769
#10 1611010719
#0	step1	size:7813259	t:0.438978
#0 537087407
#9	step1	size:7808634	t:0.437555
#9 1610858264
#2	step1	size:7816559	t:0.438880
#2 537427037
#13	step1	size:7810837	t:0.438770
#13 1610643604
#1	step1	size:7816366	t:0.441564
#1 537179285
#10	pivot:1610657737
#13	pivot:1610657737
#9	pivot:1610657737
#7	pivot:537126456
#12	pivot:1610657737
#5	step1	size:7814163	t:0.441915
#5 537297602
#5	pivot:537126456
#11	pivot:1610657737
#15	pivot:1610657737
#3	pivot:537126456
#0	pivot:537126456
#8	pivot:1610657737
#14	pivot:1610657737
#4	pivot:537126456
#2	pivot:537126456
#1	pivot:537126456
#6	pivot:537126456
#2	step2	size:7813193	t:0.421230
#2 268629506
#6	step2	size:7816612	t:0.425252
#6 805664640
#5	step2	size:7816935	t:0.425804
#5 805582801
#3	step2	size:7817013	t:0.436172
#3 268407372
#4	step2	size:7812488	t:0.421417
#4 805629767
#1	step2	size:7813594	t:0.435664
#1 268525138
#7	step2	size:7817930	t:0.439178
#7 805784434
#10	step2	size:7806304	t:0.422058
#10 1342321646
#8	step2	size:7810094	t:0.422178
#8 1342433698
#9	step2	size:7808416	t:0.422673
#9 1342376969
#13	step2	size:7811055	t:0.423091
#13 1879089455
#11	step2	size:7804544	t:0.423538
#11 1342318672
#12	step2	size:7814331	t:0.424855
#12 1879060606
#0	step2	size:7813087	t:0.433909
#0 268537049
#14	step2	size:7813891	t:0.436708
#14 1879110145
#15	step2	size:7810513	t:0.437133
#15 1878988672
#14	pivot:1879110145
#5	pivot:805664640
#12	pivot:1879110145
#10	pivot:1342321646
#0	pivot:268629506
#3	pivot:268629506
#15	pivot:1879110145
#2	pivot:268629506
#4	pivot:805664640
#7	pivot:805664640
#9	pivot:1342321646
#8	pivot:1342321646
#1	pivot:268629506
#11	pivot:1342321646
#6	pivot:805664640
#13	pivot:1879110145
#12	step4	size:7814850	t:0.433289
#12 1744915880
#14	step4	size:7813372	t:0.433945
#14 2013273581
#5	step4	size:7816927	t:0.434325
#5 671329119
#7	step4	size:7817938	t:0.434548
#7 939861707
#4	step4	size:7815055	t:0.424858
#4 671440189
#10	step4	size:7809819	t:0.422283
#10 1476482669
#11	step4	size:7807218	t:0.424866
#11 1476508120
#6	step4	size:7814045	t:0.434161
#6 939948910
#3	step4	size:7810526	t:0.425671
#3 402779945
#13	step4	size:7812904	t:0.426012
#13 1744896958
#15	step4	size:7808664	t:0.425942
#15 2013228161
#1	step4	size:7820081	t:0.429589
#1 134414494
#8	step4	size:7806579	t:0.435503
#8 1208185515
#9	step4	size:7805742	t:0.434398
#9 1208290465
#2	step4	size:7811822	t:0.436373
#2 402863558
#8	pivot:1208290465
#1	pivot:134414494
#15	pivot:2013228161
#10	pivot:1476508120
#11	pivot:1476508120
#6	pivot:939861707
#12	pivot:1744896958
#14	pivot:2013228161
#3	pivot:402779945
#4	pivot:671329119
#0	step4	size:7814458	t:0.438505
#0 134308831
#0	pivot:134414494
#2	pivot:402779945
#13	pivot:1744896958
#9	pivot:1208290465
#7	pivot:939861707
#5	pivot:671329119
#1	step8	size:7814268	t:0.433455
#0	step8	size:7820271	t:0.436777
#4	step8	size:7812785	t:0.421450
#5	step8	size:7819197	t:0.425262
#3	step8	size:7813535	t:0.423224
#2	step8	size:7808813	t:0.423040
#6	step8	size:7813486	t:0.423552
#11	step8	size:7807748	t:0.424320
#15	step8	size:7812403	t:0.426795
#13	step8	size:7814457	t:0.428304
#7	step8	size:7818497	t:0.428171
#9	step8	size:7803123	t:0.434297
#12	step8	size:7813297	t:0.434972
#8	step8	size:7809198	t:0.435436
#14	step8	size:7809633	t:0.435963
#10	step8	size:7809289	t:0.435693
==============
input 125000000 type 3
#1 1073405739
#2 1073532437
#3 1073480246
#4 1074443557
#5 1073672724
#6 1074209087
#7 1073727553
#8 1074161613
#9 1073846226
#10 1073699794
#11 1073032239
#12 1073938039
#13 1074178867
#14 1073906362
#15 1073698806
#0 1073949498
#0	pivot:63350
#15	pivot:63350
#1	pivot:63350
#2	pivot:63350
#3	pivot:63350
#4	pivot:63350
#5	pivot:63350
#6	pivot:63350
#7	pivot:63350
#8	pivot:63350
#9	pivot:63350
#10	pivot:63350
#11	pivot:63350
#12	pivot:63350
#13	pivot:63350
#14	pivot:63350
#4	step1	size:477	t:0.000018
#4 32544
#2	step1	size:443	t:0.000017
#2 36514
#1	step1	size:475	t:0.000019
#1 33435
#0	step1	size:441	t:0.000017
#0 31895
#5	step1	size:446	t:0.000016
#5 34027
#7	step1	size:448	t:0.000016
#7 30185
#3	step1	size:471	t:0.000018
#3 32565
#6	step1	size:460	t:0.000016
#6 33738
#9	step1	size:15624525	t:0.872714
#14	step1	size:15624540	t:0.875176
#12	step1	size:15624523	t:0.875811
#9 1073657243
#14 1074093195
#12 1074217054
#8	step1	size:15624559	t:0.898711
#10	step1	size:15624557	t:0.899549
#15	step1	size:15624552	t:0.902421
#11	step1	size:15624529	t:0.902726
#13	step1	size:15624554	t:0.902202
#8 1074088281
#10 1073646165
#13 1073962135
#15 1073746341
#0	pivot:33112
#3	pivot:33112
#5	pivot:33112
#12	pivot:94219
#6	pivot:33112
#10	pivot:94219
#13	pivot:94219
#9	pivot:94219
#11 1073277934
#11	pivot:94219
#15	pivot:94219
#1	pivot:33112
#1	step2	size:451	t:0.000016
#1 16804
#8	pivot:94219
#2	pivot:33112
#2	step2	size:428	t:0.000015
#2 16416
#4	pivot:33112
#4	step2	size:448	t:0.000015
#4 49117
#7	pivot:33112
#7	step2	size:435	t:0.000015
#7 48259
#14	pivot:94219
#0	step2	size:470	t:0.000015
#0 16492
#3	step2	size:484	t:0.000015
#3 16540
#5	step2	size:470	t:0.000016
#5 48370
#6	step2	size:475	t:0.000018
#6 47536
#11	step2	size:418	t:0.000016
#10	step2	size:437	t:0.000017
#8	step2	size:486	t:0.000018
#9	step2	size:449	t:0.000016
#10 79761
#11 79866
#8 77923
#9 78830
#14	step2	size:31248660	t:1.800241
#12	step2	size:31248596	t:1.800671
#14 1073879293
#12 1074171529
#15	step2	size:31248663	t:1.848970
#13	step2	size:31248630	t:1.848359
#1	pivot:16563
#1	step4	size:465	t:0.000016
#8	pivot:79095
#8	step4	size:475	t:0.000017
#8 70705
#2	pivot:16563
#2	step4	size:443	t:0.000014
#2 24942
#4	pivot:48320
#4	step4	size:460	t:0.000015
#4 40285
#7	pivot:48320
#7	step4#6	pivot:48320
#6	step4	size:463	t:0.000016
#6 55671
#9	pivot:79095
#9	step4	size:426	t:0.000015
#9 71081
#0	pivot:16563
#0	step4	size:455	t:0.000015
#0 8320
#3	pivot:16563
#3	step4	size:470	t:0.000016
#3 24049
#14	pivot:110001
#5	pivot:48320
#5	step4	size:454	t:0.000015
#5 40628
#10	pivot:79095
#10	step4	size:448	t:0.000015
#10 86488
#15 1073530293
#15	pivot:110001
#11	pivot:79095
#11	step4	size:441	t:0.000016
#11 86447
#13 1073826187
#13	pivot:110001
#12	pivot:110001
#1 8071
	size:451	t:0.000015
#7 55773
#13	step4	size:457	t:0.000018
#12	step4	size:435	t:0.000020
#13 102752
#12 102458
#15	step4	size:62496836	t:3.797733
#14	step4	size:62496821	t:3.795886
#15 1073686296
#14 1074033193
#7	pivot:55722
#11	pivot:86467
#13	pivot:102605
#8	pivot:70893
#8	#2	pivot:24495
#4	pivot:40456
#1	pivot:8195
#1	step8	size:467	#6	pivot:55722
#6	step8	size:458	t:0.000015
#9	pivot:70893
#9	step8	size:444	t:0.000016
#0	pivot:8195
#0	step8	size:453	t:0.000015
#3	pivot:24495
#3	step8	size:462	t:0.000015
#15	pivot:-1073623903
#5	pivot:40456
#5	step8	size:454	t:0.000018
#10	pivot:86467
#10	step8	size:445	t:0.000015
#12	pivot:102605
#12	step8	size:444	t:0.000016
#14	pivot:-1073623903
#7	step8	size:456	t:0.000015
#11	step8	size:444	t:0.000014
#13	step8	size:448	t:0.000015
step8	size:457	t:0.000016
#2	step8	size:451	t:0.000015
#4	step8	size:460	t:0.000015
t:0.000016
#14	step8	size:0	t:0.000001
#15	step8	size:124993657	t:7.787008
