8 cores
==============
input 125000000 type 3
rank: 3 readyrank 3 finish step 1
rank: 1 readyrank 1 finish step 1
rank: 0 readyrank 0 finish step 1
rank: 2 readyrank 2 finish step 1
rank: 7 readyrank 7 finish step 1
rank: 5 readyrank 5 finish step 1
rank: 4 readyrank 4 finish step 1
rank: 6 readyrank 6 finish step 1
rank: 1 readyrank 1 finish step 2
rank: 3 readyrank 3 finish step 2
rank: 0 readyrank 0 finish step 2
rank: 2 readyrank 2 finish step 2
rank: 4 readyrank 4 finish step 2
rank: 5 readyrank 5 finish step 2
rank: 7 readyrank 7 finish step 2
rank: 6 readyrank 6 finish step 2
rank: 1 readyrank 1 finish step 4
rank: 3 readyrank 3 finish step 4
rank: 4 readyrank 4 finish step 4
rank: 5 readyrank 5 finish step 4
rank: 2 readyrank 2 finish step 4
rank: 0 readyrank 0 finish step 4
slurmstepd: error: *** JOB 8778597 ON r197 CANCELLED AT 2019-05-14T21:05:44 ***
