2 cores
==============
input 500000000 type 2
t1:83.943061
t1:84.038008
t1:84.279238
t1:84.358457
t1:84.600214
t1:84.691728
t1:84.915729
t1:85.003767
t1:85.241749
t1:85.320785
t1:85.553590
t1:85.638317
t1:85.722557
t1:85.802885
t1:8.453480
t1:85.890256
step1 t2:1.947244
step1 t2:1.852298
step1 t2:1.611231
step1 t2:1.531753
step1 t2:1.290170
step1 t2:1.198716
step1 t2:0.974539
step1 t2:0.886630
step1 t2:0.648639
step1 t2:0.569645
step1 t2:0.336784
step1 t2:0.252096
step1 t2:0.167924
step1 t2:0.006431
step1 t2:0.000216
step1 t2:0.087440
step1 t3:2.005113
step1 t3:2.143817
step1 t3:2.181523
step1 t3:2.185123
step1 t3:2.057178
step1 t3:2.067722
step1 t3:2.062654
step1 t3:2.194482
step1 t3:2.065261
step1 t3:2.202558
step1 t3:2.082400
step1 t3:2.211442
step1 t3:2.216656
step1 t3:2.095628
step1 t3:2.223121
step1 t3:2.130768
step2 t2:0.067130
step2 t2:0.068741
step2 t2:0.050767
step2 t2:0.038889
step2 t2:0.080567
step2 t2:0.132295
step2 t2:0.050667
step2 t2:0.067618
step2 t2:0.069410
step2 t2:0.059548
step2 t2:0.074687
step2 t2:0.000061
step2 t2:0.049982
step2 t2:0.129454
step2 t2:0.088150
step2 t2:0.056620
step2 t3:2.133978
step2 t3:2.010918
step2 t3:2.142325
step2 t3:2.143070
step2 t3:2.149507
step2 t3:2.043163
step2 t3:2.044231
step2 t3:2.046672
step2 t3:2.175430
step2 t3:2.043546
step2 t3:2.177934
step2 t3:2.048009
step2 t3:2.051115
step2 t3:2.195047
step2 t3:2.065721
step2 t3:2.209152
step4 t2:0.026889
step4 t2:0.014159
step4 t2:0.066145
step4 t2:0.031279
step4 t2:0.011238
step4 t2:0.075229
step4 t2:0.033823
step4 t2:0.059683
step4 t2:0.075001
step4 t2:0.031480
step4 t2:0.041438
step4 t2:0.029745
step4 t2:0.033785
step4 t2:0.066876
step4 t2:0.000025
step4 t2:0.037926
step4 t3:2.147809
step4 t3:2.030449
step4 t3:2.162847
step4 t3:2.164133
step4 t3:2.037800
step4 t3:2.039730
step4 t3:2.037009
step4 t3:2.166965
step4 t3:2.172518
step4 t3:2.178343
step4 t3:2.055435
step4 t3:2.181621
step4 t3:2.181929
step4 t3:2.050018
step4 t3:2.060294
step4 t3:2.066918
step8 t2:0.033050
step8 t2:0.016737
step8 t2:0.031685
step8 t2:0.017045
step8 t2:0.016713
step8 t2:0.018075
step8 t2:0.020317
step8 t2:0.000018
step8 t2:0.050847
step8 t2:0.033731
step8 t2:0.034534
step8 t2:0.033820
step8 t2:0.035805
step8 t2:0.026135
step8 t2:0.009941
step8 t2:0.040395
step8 t3:2.026490
step8 t3:2.156788
step8 t3:2.157186
step8 t3:2.034391
step8 t3:2.036488
step8 t3:2.037499
step8 t3:2.073804
step8 t3:2.080216
step8 t3:2.079263
step8 t3:2.206116
step8 t3:2.078510
step8 t3:2.212159
step8 t3:2.219888
step8 t3:2.222536
step8 t3:2.224899
step8 t3:2.224823
t4:1.333875
18.670067
