4 cores
==============
input 500000000 type 2
rank: 1 ready
(small)#1 step:1 i:0
rank: 3 ready
(large)#3 step:1 i:0
#3 size=897 recvsize=124999104
rank: 0 ready
(small)#0 step:1 i:0
rank: 2 ready
(large)#2 step:1 i:0
#2 size=964 recvsize=124999022
#0 size=124999022 recvsize=964
#1 size=124999104 recvsize=897
rank 0 finish step 1
rank 1 finish step 1
rank 3 finish step 1
rank 2 finish step 1
rank: 0 ready
(small)#0 step:2 i:0
rank: 1 ready
(large)#1 step:2 i:0
#0 size=1006 recvsize=921
#1 size=921 recvsize=1006
rank 0 finish step 2
rank 1 finish step 2
rank: 3 ready
(large)#3 step:2 i:1
rank: 2 ready
(small)#2 step:2 i:1
slurmstepd: error: *** JOB 8779386 ON r334 CANCELLED AT 2019-05-14T22:53:23 DUE TO TIME LIMIT ***
