16 cores
==============
input 125000000 type 1
0.000001
0.000001
0.000000
0.000001
0.000001
0.000001
0.000001
0.000000
0.874255
0.875911
0.875989
0.876417
0.895521
0.895881
0.895807
0.896903
0.000000
0.000000
0.000000
0.000000
0.000000
0.000001
0.000000
0.000000
0.000001
0.000001
0.000001
0.000001
1.791880
1.792397
1.794352
1.794529
0.000001
0.000001
0.000000
0.000000
0.000000
0.000000
0.000000
0.000001
0.000000
0.000000
0.000001
0.000000
0.000001
0.000001
3.682224
3.686639
0.000000
0.000000
0.000000
0.000000
0.000001
0.000000
0.000000
0.000000
0.000000
0.000000
0.000000
0.000000
0.000000
0.000000
0.000001
7.568805
==============
input 125000000 type 2
0.000056
0.000054
0.000052
0.000057
0.000053
0.000051
0.000051
0.000055
0.870969
0.872862
0.896297
0.899223
0.899188
0.899637
0.897428
0.898331
0.000047
0.000049
0.000049
0.000045
0.000050
0.000048
0.000047
0.000050
0.000001
0.000000
0.000001
0.000000
1.788057
1.835578
1.876515
1.877999
0.000000
0.000000
0.000000
0.000048
0.000048
0.000000
0.000001
0.000106
0.000000
0.000047
0.000048
0.000111
0.000001
0.000001
3.686118
3.775684
0.000001
0.000000
0.000000
0.000000
0.000000
0.000000
0.000000
0.000000
0.000000
0.000000
0.000095
0.000049
0.000047
0.000210
0.000001
7.782589
==============
input 125000000 type 3
0.000017
0.000017
0.000017
0.000021
0.000018
0.000017
0.000017
0.000016
0.872000
0.871494
0.871205
0.895571
0.895247
0.899146
0.899221
0.898918
0.000014
0.000018
0.000015
0.000016
0.000015
0.000015
0.000019
0.000015
0.000001
0.000000
0.000000
0.000001
1.790558
1.791521
1.879582
1.879946
0.000015
0.000015
0.000031
0.000000
0.000000
0.000001
0.000001
0.000001
0.000020
0.000000
0.000022
0.000031
0.000001
0.000001
3.777302
3.781311
0.000000
0.000000
0.000000
0.000000
0.000000
0.000035
0.000000
0.000000
0.000000
0.000000
0.000000
0.000016
0.000062
0.000015
0.000001
7.576874
