16 cores
==============
input 125000000 type 3
#0	pivot:0
#1	pivot:0
#2	pivot:0
#3	pivot:0
#4	pivot:0
#5	pivot:0
#6	pivot:0
#7	pivot:0
#8	pivot:0
#9	pivot:0
#10	pivot:0
#11	pivot:0
#12	pivot:0
#13	pivot:0
#14	pivot:0
#15	pivot:0
#0	pivot:0
#1	pivot:0
#2	pivot:0
#3	pivot:0
#4	pivot:0
#5	pivot:0
#6	pivot:0
#7	pivot:0
#8	pivot:0
#9	pivot:0
#10	pivot:0
#11	pivot:0
#12	pivot:0
#13	pivot:0
#14	pivot:0
#15	pivot:0
#14	pivot:0
#0	pivot:0
#1	pivot:0
#2	pivot:0
#3	pivot:0
#4	pivot:0
#5	pivot:0
#6	pivot:0
#7	pivot:0
#8	pivot:0
#9	pivot:0
#10	pivot:0
#11	pivot:0
#12	pivot:0
#13	pivot:0
#15	pivot:0
#13	pivot:0
#14	pivot:0
#0	pivot:0
#1	pivot:0
#2	pivot:0
#3	pivot:0
#4	pivot:0
#5	pivot:0
#6	pivot:0
#7	pivot:0
#8	pivot:0
#9	pivot:0
#10	pivot:0
#11	pivot:0
#12	pivot:0
#15	pivot:0
17.664283
