16 cores
==============
input 500000000 type 2
t1:87.885996
t1:87.926759
t1:88.200571
t1:88.240338
t1:88.507492
t1:88.546271
t1:88.816736
t1:88.846784
t1:89.120515
t1:89.154518
t1:89.430114
t1:89.469082
t1:89.744315
t1:89.778036
t1:8.511637
t1:89.918477
step1 t2:0.140702
step1 t2:2.032808
step1 t2:1.991826
step1 t2:1.718297
step1 t2:1.678388
step1 t2:1.411358
step1 t2:1.372469
step1 t2:1.102129
step1 t2:1.072075
step1 t2:0.798234
step1 t2:0.764082
step1 t2:0.488769
step1 t2:0.449593
step1 t2:0.174527
step1 t2:0.059457
step1 t2:0.000274
step1 t3:1.994563
step1 t3:2.122518
step1 t3:2.158457
step1 t3:2.162578
step1 t3:2.036079
step1 t3:2.041157
step1 t3:2.048284
step1 t3:2.169822
step1 t3:2.048655
step1 t3:2.176817
step1 t3:2.055312
step1 t3:2.061066
step1 t3:2.061210
step1 t3:2.187709
step1 t3:2.187863
step1 t3:2.198611
step2 t2:0.000015
step2 t2:0.021810
step2 t2:0.028860
step2 t2:0.012566
step2 t2:0.040124
step2 t2:0.028358
step2 t2:0.076071
step2 t2:0.083594
step2 t2:0.010915
step2 t2:0.014209
step2 t2:0.036010
step2 t2:0.016226
step2 t2:0.035627
step2 t2:0.028796
step2 t2:0.030279
step2 t2:0.010739
step2 t3:2.148840
step2 t3:2.149524
step2 t3:2.024677
step2 t3:2.023719
step2 t3:2.152424
step2 t3:2.154191
step2 t3:2.027965
step2 t3:2.030700
step2 t3:2.161368
step2 t3:2.163050
step2 t3:2.036215
step2 t3:2.045169
step2 t3:2.179893
step2 t3:2.058304
step2 t3:2.056926
step2 t3:2.182686
step4 t2:0.000022
step4 t2:0.033845
step4 t2:0.019493
step4 t2:0.028454
step4 t2:0.032686
step4 t2:0.019660
step4 t2:0.033183
step4 t2:0.001370
step4 t2:0.028519
step4 t2:0.030279
step4 t2:0.011285
step4 t2:0.021345
step4 t2:0.033124
step4 t2:0.002822
step4 t2:0.025508
step4 t2:0.001002
step4 t3:1.999972
step4 t3:2.147042
step4 t3:2.150450
step4 t3:2.151108
step4 t3:2.027300
step4 t3:2.026884
step4 t3:2.033632
step4 t3:2.161237
step4 t3:2.164803
step4 t3:2.040107
step4 t3:2.168846
step4 t3:2.047824
step4 t3:2.170619
step4 t3:2.171398
step4 t3:2.051813
step8 t2:0.031132
step8 t2:0.034581
step8 t2:0.019428
step8 t2:0.016962
step8 t2:0.016085
step8 t2:0.022676
step8 t2:0.018633
step8 t2:0.037024
step4 t3:2.059769
step8 t2:0.000020
step8 t2:0.035006
step8 t2:0.040425
step8 t2:0.016849
step8 t2:0.026221
step8 t2:0.062107
step8 t2:0.036373
step8 t2:0.009830
step8 t3:2.139085
step8 t3:2.140251
step8 t3:2.022126
step8 t3:2.020404
step8 t3:2.024787
step8 t3:2.025151
step8 t3:2.059204
step8 t3:2.185955
step8 t3:2.073810
step8 t3:2.067139
step8 t3:2.070184
step8 t3:2.200272
step8 t3:2.200789
step8 t3:2.201748
step8 t3:2.202841
step8 t3:2.222071
t4:1.276202
18.638358
