==============
1 core backwards 125000000 type 3
7.164058
==============
16 cores backwards 2000000000 type 1
278.347137
==============
16 cores backwards 2000000000 type 2
276.305825
==============
16 cores backwards 2000000000 type 3
276.437207
==============
==============
1 core input 125000000 type 1
21.669160
==============
2 cores input 125000000 type 1
18.559961
==============
2 cores input 125000000 type 2
17.501843
==============
2 cores input 125000000 type 3
17.900370
==============
4 cores input 125000000 type 1
11.808046
==============
4 cores input 125000000 type 2
16.310931
==============
4 cores input 125000000 type 3
15.564736
==============
8 cores input 125000000 type 1
9.620107
==============
8 cores input 125000000 type 2
16.174149
==============
8 cores input 125000000 type 3
16.330786
==============
16 cores input 125000000 type 1
17.577143
==============
16 cores input 125000000 type 2
17.916227
==============
16 cores input 125000000 type 3
17.895792
