new try
==============
1 core input 500000000 type 1
93.619145
==============
2 cores input 500000000 type 1
75.716954
==============
2 cores input 500000000 type 2
76.143280
==============
2 cores input 500000000 type 3
75.757729
==============
4 cores input 500000000 type 1
66.446557
==============
4 cores input 500000000 type 2
67.661233
==============
4 cores input 500000000 type 3
68.357384
==============
8 cores input 500000000 type 1
67.974608
==============
8 cores input 500000000 type 2
68.815636
==============
8 cores input 500000000 type 3
60.392790
==============
16 cores input 500000000 type 1
45.260419
==============
16 cores input 500000000 type 2
59.058043
==============
16 cores input 500000000 type 3
75.943084
