16 cores
==============
input 125000000 type 1
-1073534156 -1073534156 -1073534156 -1073534156 -1073534156 -1073534156 -1073534156 -1073534156 -1073534156 -1073534156 -1073534156 -1073534156 -1073534156 -1073534156 -1073534156 -1073534156 
#2	step1	size:0	t:0.000000
#6	step1	size:0	t:0.000001
#0	step1	size:0	t:0.000001
#4	step1	size:0	t:0.000000
#5	step1	size:0	#7	step1	size:0	t:0.000001
t:0.000001
#1	step1	size:0	t:0.000000
#3	step1	size:0	t:0.000001
#10	step1	size:15625000	t:0.876010
#14	step1	size:15625000	t:0.876505
#8	step1	size:15625000	t:0.877333
#12	step1	size:15625000	t:0.877380
#13	step1	size:15625000	t:0.877193
#15	step1	size:15625000	t:0.878456
#9	step1	size:15625000	t:0.878499
#11	step1	size:15625000	t:0.878947
#5	step2	size:0	t:0.000001
#6	step2	size:0	t:0.000000
#1	step2	size:0	t:0.000000
1039686652 1039686652 1039686652 1039686652 1039686652 1039686652 1039686652 1039686652 -1073427256 -1073427256 -1073427256 -1073427256 -1073427256 -1073427256 -1073427256 -1073427256 
#0	step2	size:0	t:0.000000
#4	step2	size:0	t:0.000000
#2	step2	size:0	t:0.000000
#7	step2	size:0	t:0.000000
#3	step2	size:0	t:0.000000
#8	step2	size:0	t:0.000001
#10	step2	size:0	t:0.000001
#11	step2	size:0	t:0.000001
#9	step2	size:0	t:0.000000
#14	step2	size:31250000	t:1.793039
#12	step2	size:31250000	t:1.793881
#15	step2	size:31250000	t:1.834259
#13	step2	size:31250000	t:1.834634
#10	step4	size:0	t:0.000000
#6	step4	size:0	t:0.000000
1039686652 1039686652 1039686652 1039686652 -866442244 -866442244 -866442244 -866442244 -553407500 -553407500 -553407500 -553407500 -1073360802 -1073360802 -1073360802 -1073360802 
#0	step4	size:0	t:0.000000
#4	step4	size:0	t:0.000000
#2	step4	size:0	t:0.000000
#8	step4	size:0	t:0.000001
#5	step4	size:0	t:0.000000
#1	step4	size:0	t:0.000000
#9	step4	size:0	t:0.000000
#7	step4	size:0	t:0.000001
#11	step4	size:0	t:0.000001
#3	step4	size:0	t:0.000000
#12	step4	size:0	t:0.000001
#13	step4	size:0	t:0.000001
#14	step4	size:62500000	t:3.687995
#15	step4	size:62500000	t:3.691431
#12	step8	size:0	t:0.000001
#8	step8	size:0	t:0.000000
#10	step8	size:0	t:0.000000
#5	step8	size:0	t:0.000000
#6	step8	size:0	t:0.000000
1039686636 1039686636 0 0 -866442260 -866442260 -569496580 -569496580 -553407524 -553407524 159624156 159624156 -443192348 -443192348 -1073504781 -1073504781 
#0	step8	size:0	t:0.000000
#4	step8	size:0	t:0.000000
#1	step8	size:0	t:0.000000
#3	step8	size:0	t:0.000000
#9	step8	size:0	t:0.000000
#7	step8	size:0	t:0.000000
#11	step8	size:0	t:0.000000
#13	step8	size:0	t:0.000000
#2	step8	size:0	t:0.000000
#14	step8	size:0	t:0.000001
#15	step8	size:125000000	t:7.592785
==============
input 125000000 type 2
202688 202688 202688 202688 202688 202688 202688 202688 202688 202688 202688 202688 202688 202688 202688 202688 
#7	step1	size:1440	t:0.000054
#0	step1	size:1503	t:0.000058
#3	step1	size:1478	t:0.000050
#1	step1	size:1468	t:0.000053
#5	step1	size:1432	t:0.000053
#4	step1	size:1473	t:0.000052
#6	step1	size:1479	t:0.000057
#2	step1	size:1463	t:0.000054
#12	step1	size:15623527	t:0.871608
#11	step1	size:15623522	t:0.873012
#8	step1	size:15623497	t:0.897517
#14	step1	size:15623521	t:0.897884
#15	step1	size:15623560	t:0.898771
#10	step1	size:15623537	t:0.898222
#13	step1	size:15623568	t:0.898776
#9	step1	size:15623532	t:0.898810
99126 99126 99126 99126 99126 99126 99126 99126 -1073664615 -1073664615 -1073664615 -1073664615 -1073664615 -1073664615 -1073664615 -1073664615 
#3	step2	size:1405	t:0.000048
#6	step2	size:1537	t:0.000050
#5	step2	size:1466	t:0.000046
#1	step2	size:1434	t:0.000049
#4	step2	size:1509	t:0.000050
#7	step2	size:1513	t:0.000050
#2	step2	size:1405	t:0.000046
#0	step2	size:1467	t:0.000047
#8	step2	size:0	t:0.000001
#10	step2	size:0	t:0.000001
#9	step2	size:0	t:0.000001
#11	step2	size:0	t:0.000001
#14	step2	size:31247058	t:1.790089
#12	step2	size:31247024	t:1.839072
#13	step2	size:31247100	t:1.882344
#15	step2	size:31247082	t:1.880758
#10	step4	size:0	t:0.000001
#8	step4	size:0	t:0.000001
50658 50658 50658 50658 150397 150397 150397 150397 -73076772 -73076772 -73076772 -73076772 -1073580370 -1073580370 -1073580370 -1073580370 
#9	step4	size:0	t:0.000001
#11	step4	size:0	t:0.000000
#0	step4	size:1431	t:0.000048
#2	step4	size:1441	t:0.000047
#3	step4	size:1383	t:0.000052
#6	step4	size:1525	t:0.000051
#1	step4	size:1456	t:0.000054
#4	step4	size:1521	t:0.000051
#5	step4	size:1492	t:0.000050
#7	step4	size:1487	t:0.000052
#12	step4	size:0	t:0.000001
#13	step4	size:0	t:0.000001
#15	step4	size:62494182	t:3.689596
#14	step4	size:62494082	t:3.782360
25805 25805 74221 74221 125064 125064 175864 175864 -696163356 -696163356 -44553252 -44553252 -353958948 -353958948 163218 163218 
#0	step8	size:1441	t:0.000047
#13	step8	size:0	t:0.000000
#11	step8	size:0	t:0.000001
#12	step8	size:0	t:0.000001
#10	step8	size:0	t:0.000000
#8	step8	size:0	t:0.000000
#9	step8	size:0	t:0.000000
#2	step8	size:1418	t:0.000047
#3	step8	size:1406	t:0.000045
#4	step8	size:1510	t:0.000048
#6	step8	size:1510	t:0.000049
#1	step8	size:1446	t:0.000047
#7	step8	size:1502	t:0.000048
#5	step8	size:1503	t:0.000048
#14	step8	size:0	t:0.000001
#15	step8	size:124988264	t:7.792146
==============
input 125000000 type 3
63266 63266 63266 63266 63266 63266 63266 63266 63266 63266 63266 63266 63266 63266 63266 63266 
#1	step1	size:475	t:0.000017
#2	step1	size:443	t:0.000018
#7	step1	size:448	t:0.000017
#4	step1	size:476	t:0.000017
#3	step1	size:471	t:0.000017
#0	step1	size:440	t:0.000020
#5	step1	size:446	t:0.000017
#6	step1	size:459	t:0.000020
#12	step1	size:15624524	t:0.869565
#14	step1	size:15624541	t:0.871436
#9	step1	size:15624525	t:0.873276
#10	step1	size:15624557	t:0.895233
#8	step1	size:15624560	t:0.894934
#15	step1	size:15624552	t:0.900617
#11	step1	size:15624529	t:0.900912
#13	step1	size:15624554	t:0.900482
33051 33051 33051 33051 33051 33051 33051 33051 94159 94159 94159 94159 94159 94159 94159 94159 
#3	step2	size:483	t:0.000016
#1	step2	size:451	t:0.000016
#4	step2	size:447	t:0.000015
#7	step2	size:436	t:0.000015
#5	step2	size:470	t:0.000016
#2	step2	size:428	t:0.000014
#6	step2	size:474	t:0.000016
#0	step2	size:469	t:0.000016
#10	step2	size:436	t:0.000017
#8	step2	size:487	t:0.000017
#11	step2	size:416	t:0.000016
#9	step2	size:446	t:0.000019
#12	step2	size:31248597	t:1.790919
#14	step2	size:31248662	t:1.792806
#15	step2	size:31248665	t:1.880761
#13	step2	size:31248633	t:1.881386
16539 16539 16539 16539 48223 48223 48223 48223 79013 79013 79013 79013 -536760991 -536760991 -536760991 -536760991 
#6	step4	size:461	t:0.000015
#4	step4	size:460	t:0.000015
#2	step4	size:442	t:0.000014
#8	step4	size:475	t:0.000016
#10	step4	size:448	t:0.000016
#0	step4	size:455	t:0.000015
#3	step4	size:472	t:0.000018
#1	step4	size:462	t:0.000016
#11	step4	size:437	t:0.000015
#9	step4	size:425	t:0.000016
#7	step4	size:455	t:0.000016
#5	step4	size:451	t:0.000016
#12	step4	size:0	t:0.000001
#13	step4	size:0	t:0.000001
#14	step4	size:62497259	t:3.781617
#15	step4	size:62497298	t:3.785533
8185 8185 24443 24443 40372 40372 55653 55653 70852 70852 86361 86361 -150482968 -150482968 -1073631332 -1073631332 
#12	step8	size:0	t:0.000001
#13	step8	size:0	t:0.000001
#10	step8	size:440	t:0.000015
#6	step8	size:458	t:0.000016
#7	step8	size:458	t:0.000014
#11	step8	size:445	t:0.000015
#3	step8	size:464	t:0.000015
#9	step8	size:444	t:0.000015
#5	step8	size:455	t:0.000017
#4	step8	size:456	t:0.000018
#2	step8	size:450	t:0.000015
#8	step8	size:456	t:0.000016
#0	step8	size:453	t:0.000015
#1	step8	size:464	t:0.000018
#14	step8	size:0	t:0.000001
#15	step8	size:124994557	t:7.778828
