16 cores
==============
input 500000000 type 2
t1:89.451378
t1:89.574562
t1:89.770766
t1:89.869616
t1:90.112964
t1:90.221242
t1:90.420453
t1:90.536273
t1:90.738822
t1:90.862014
t1:91.062014
t1:91.171962
t1:91.385176
t1:91.493113
t1:91.552408
t1:8.639266
step1 t2:2.128361
step1 t2:2.005128
step1 t2:1.808906
step1 t2:1.709968
step1 t2:1.466783
step1 t2:1.358438
step1 t2:1.159268
step1 t2:1.043238
step1 t2:0.840801
step1 t2:0.717690
step1 t2:0.517568
step1 t2:0.407668
step1 t2:0.194519
step1 t2:0.086600
step1 t2:0.000094
step1 t2:0.027361
step1 t3:2.014124
step1 t3:2.136628
step1 t3:2.190834
step1 t3:2.067013
step1 t3:2.199322
step1 t3:2.063204
step1 t3:2.203930
step1 t3:2.065633
step1 t3:2.205106
step1 t3:2.083378
step1 t3:2.081543
step1 t3:2.212106
step1 t3:2.213464
step1 t3:2.088703
step1 t3:2.082382
step2 t2:0.013802
step2 t2:0.007926
step2 t2:0.020735
step2 t2:0.009475
step2 t2:0.084941
step2 t2:0.017476
step2 t2:0.023835
step2 t2:0.085546
step1 t3:2.221543
step2 t2:0.000020
step2 t2:0.015016
step2 t2:0.017620
step2 t2:0.008114
step2 t2:0.022249
step2 t2:0.016459
step2 t2:0.030729
step2 t2:0.001819
step2 t3:2.143452
step2 t3:2.145440
step2 t3:2.020729
step2 t3:2.149956
step2 t3:2.023631
step2 t3:2.045401
step2 t3:2.178375
step2 t3:2.178487
step2 t3:2.055867
step2 t3:2.056053
step2 t3:2.056906
step2 t3:2.195291
step2 t3:2.197135
step2 t3:2.060742
step2 t3:2.211700
step4 t2:0.020981
step4 t2:0.068802
step4 t2:0.037890
step4 t2:0.018848
step4 t2:0.025051
step4 t2:0.037796
step4 t2:0.045850
step4 t2:0.035633
step4 t2:0.066306
step2 t3:2.083896
step4 t2:0.000018
step4 t2:0.070831
step4 t2:0.023591
step4 t2:0.072810
step4 t2:0.019139
step4 t2:0.065853
step4 t2:0.004573
step4 t3:2.135793
step4 t3:2.020997
step4 t3:2.153095
step4 t3:2.029854
step4 t3:2.158744
step4 t3:2.033882
step4 t3:2.172783
step4 t3:2.051136
step4 t3:2.051648
step4 t3:2.188178
step4 t3:2.194536
step4 t3:2.063957
step4 t3:2.058524
step4 t3:2.197760
step4 t3:2.198167
step8 t2:0.041509
step8 t2:0.026109
step8 t2:0.057836
step8 t2:0.018179
step8 t2:0.016532
step8 t2:0.031470
step8 t2:0.078478
step8 t2:0.055463
step8 t2:0.055551
step8 t2:0.036605
step4 t3:2.076881
step8 t2:0.000018
step8 t2:0.061186
step8 t2:0.019239
step8 t2:0.066778
step8 t2:0.019755
step8 t2:0.016126
step8 t3:2.148459
step8 t3:2.151222
step8 t3:2.028679
step8 t3:2.033226
step8 t3:2.041824
step8 t3:2.043995
step8 t3:2.199662
step8 t3:2.205803
step8 t3:2.076108
step8 t3:2.077589
step8 t3:2.209288
step8 t3:2.210224
step8 t3:2.212208
step8 t3:2.081727
step8 t3:2.083795
step8 t3:2.229234
t4:1.301924
16.380106
