8 cores
==============
input 125000000 type 3
rank: 7 ready
(large)#7 step:1 i:0
rank: 5 ready
(large)#5 step:1 i:0
rank: 3 ready
(small)#3 step:1 i:0
#3 small sent size to large
rank: 0 ready
(small)#0 step:1 i:0
#0 small sent size to large
rank: 6 ready
(large)#6 step:1 i:0
rank: 4 ready
(large)#4 step:1 i:0
rank: 2 ready
(small)#2 step:1 i:0
#2 small sent size to large
rank: 1 ready
(small)#1 step:1 i:0
#1 small sent size to large
#3 small sent data to large
#3 size=15625000 recvsize=0
#7 large sent size to small
#7 large sent data to small
#7 size=0 recvsize=15625000
#2 small sent data to large
#2 size=15625000 recvsize=0
#6 large sent size to small
#6 large sent data to small
#6 size=0 recvsize=15625000
#4 large sent size to small
#4 large sent data to small
#4 size=0 recvsize=15625000
#0 small sent data to large
#0 size=15625000 recvsize=0
rank 3 finish step 1
rank 2 finish step 1
rank 0 finish step 1
#1 small sent data to large
#1 size=15625000 recvsize=0
#5 large sent size to small
#5 large sent data to small
#5 size=0 recvsize=15625000
rank 1 finish step 1
rank 7 finish step 1
rank 5 finish step 1
rank 6 finish step 1
rank: 0 ready
(small)#0 step:2 i:0
#0 small sent size to large
#0 small sent data to large
#0 size=0 recvsize=0
rank 0 finish step 2
rank: 1 ready
(small)#1 step:2 i:0
#1 small sent size to large
#1 small sent data to large
#1 size=0 recvsize=0
rank 1 finish step 2
rank: 3 ready
(large)#3 step:2 i:0
#3 large sent size to small
#3 large sent data to small
#3 size=0 recvsize=0
rank 3 finish step 2
rank: 2 ready
(large)#2 step:2 i:0
#2 large sent size to small
#2 large sent data to small
#2 size=0 recvsize=0
rank 2 finish step 2
rank 4 finish step 1
rank: 5 ready
(small)#5 step:2 i:1
#5 small sent size to large
rank: 7 ready
(large)#7 step:2 i:1
rank: 6 ready
(large)#6 step:2 i:1
rank: 4 ready
(small)#4 step:2 i:1
#4 small sent size to large
#7 large sent size to small
#7 large sent data to small
#7 size=0 recvsize=31250000
#5 small sent data to large
#5 size=31250000 recvsize=0
#4 small sent data to large
#4 size=31250000 recvsize=0
#6 large sent size to small
#6 large sent data to small
#6 size=0 recvsize=31250000
rank 5 finish step 2
rank 4 finish step 2
rank 7 finish step 2
rank 6 finish step 2
rank: 0 ready
(small)#0 step:4 i:0
#0 small sent size to large
#0 small sent data to large
#0 size=0 recvsize=0
rank 0 finish step 4
rank: 5 ready
(large)#5 step:4 i:2
#5 large sent size to small
rank: 4 ready
(small)#4 step:4 i:2
#4 small sent size to large
#4 small sent data to large
#4 size=0 recvsize=0
rank 4 finish step 4
rank: 1 ready
(large)#1 step:4 i:0
#1 large sent size to small
#1 large sent data to small
#1 size=0 recvsize=0
rank 1 finish step 4
rank: 3 ready
(large)#3 step:4 i:1
#3 large sent size to small
#3 large sent data to small
#3 size=0 recvsize=0
rank 3 finish step 4
rank: 2 ready
(small)#2 step:4 i:1
#2 small sent size to large
#2 small sent data to large
#2 size=0 recvsize=0
rank 2 finish step 4
#5 large sent data to small
#5 size=0 recvsize=0
rank 5 finish step 4
rank: 6 ready
(small)#6 step:4 i:3
#6 small sent size to large
rank: 7 ready
(large)#7 step:4 i:3
#6 small sent data to large
#6 size=62498092 recvsize=1869
#7 large sent size to small
#7 large sent data to small
#7 size=1869 recvsize=62498092
rank 6 finish step 4
rank 7 finish step 4
g
==============
input 1000000000 type 3
rank: 7 ready
(large)#7 step:1 i:0
rank: 5 ready
(large)#5 step:1 i:0
rank: 3 ready
(small)#3 step:1 i:0
#3 small sent size to large
rank: 0 ready
(small)#0 step:1 i:0
#0 small sent size to large
rank: 6 ready
(large)#6 step:1 i:0
rank: 4 ready
(large)#4 step:1 i:0
rank: 1 ready
(small)#1 step:1 i:0
#1 small sent size to large
rank: 2 ready
(small)#2 step:1 i:0
#2 small sent size to large
#4 large sent size to small
#4 large sent data to small
#4 size=0 recvsize=125000000
#0 small sent data to large
#0 size=125000000 recvsize=0
#3 small sent data to large
#3 size=125000000 recvsize=0
#7 large sent size to small
#7 large sent data to small
#7 size=0 recvsize=125000000
#2 small sent data to large
#2 size=125000000 recvsize=0
#6 large sent size to small
#6 large sent data to small
#6 size=0 recvsize=125000000
#1 small sent data to large
#1 size=125000000 recvsize=0
#5 large sent size to small
#5 large sent data to small
#5 size=0 recvsize=125000000
rank 0 finish step 1
rank 2 finish step 1
rank 3 finish step 1
rank 1 finish step 1
rank 5 finish step 1
rank 7 finish step 1
rank 4 finish step 1
rank 6 finish step 1
rank: 1 ready
(small)#1 step:2 i:0
#1 small sent size to large
#1 small sent data to large
#1 size=0 recvsize=0
rank: 3 ready
(large)#3 step:2 i:0
#3 large sent size to small
#3 large sent data to small
#3 size=0 recvsize=0
rank: 0 ready
(small)#0 step:2 i:0
#0 small sent size to large
#0 small sent data to large
rank 1 finish step 2
rank 3 finish step 2
rank: 2 ready
(large)#2 step:2 i:0
#2 large sent size to small
#2 large sent data to small
#2 size=0 recvsize=0
rank 2 finish step 2
#0 size=0 recvsize=0
rank 0 finish step 2
rank: 5 ready
(small)#5 step:2 i:1
#5 small sent size to large
rank: 7 ready
(large)#7 step:2 i:1
rank: 6 ready
(large)#6 step:2 i:1
rank: 4 ready
(small)#4 step:2 i:1
#4 small sent size to large
#7 large sent size to small
#7 large sent data to small
#7 size=6836 recvsize=249993118
#5 small sent data to large
#5 size=249993118 recvsize=6836
rank 5 finish step 2
#4 small sent data to large
#4 size=249992892 recvsize=6938
#6 large sent size to small
#6 large sent data to small
#6 size=6938 recvsize=249992892
rank 4 finish step 2
rank 7 finish step 2
rank 6 finish step 2
rank: 0 ready
(small)#0 step:4 i:0
#0 small sent size to large
#0 small sent data to large
#0 size=0 recvsize=0
rank: 2 ready
(small)#2 step:4 i:1
#2 small sent size to large
#2 small sent data to large
#2 size=0 recvsize=0
rank: 1 ready
(large)#1 step:4 i:0
#1 large sent size to small
#1 large sent data to small
#1 size=0 recvsize=0
rank 1 finish step 4
rank: 3 ready
(large)#3 step:4 i:1
#3 large sent size to small
#3 large sent data to small
#3 size=0 recvsize=0
rank 3 finish step 4
rank: 4 ready
(small)#4 step:4 i:2
#4 small sent size to large
#4 small sent data to large
#4 size=7029 recvsize=6868
rank: 5 ready
(large)#5 step:4 i:2
#5 large sent size to small
#5 large sent data to small
#5 size=6868 recvsize=7029
rank 0 finish step 4
rank 2 finish step 4
rank 4 finish step 4
rank 5 finish step 4
rank: 6 ready
(small)#6 step:4 i:3
#6 small sent size to large
rank: 7 ready
(large)#7 step:4 i:3
#6 small sent data to large
#6 size=499985954 recvsize=0
#7 large sent size to small
#7 large sent data to small
#7 size=0 recvsize=499985954
rank 6 finish step 4
rank 7 finish step 4
g
